INFO  2024-05-14 11:18:27.580 [restartedMain] [KhnpApplication:50] - Starting KhnpApplication using Java 17.0.10 with PID 5224 (C:\Users\82106\IdeaProjects\practice\khnp_test\out\production\classes started by 이상민 in C:\Users\82106\IdeaProjects\practice\khnp_test)
DEBUG 2024-05-14 11:18:27.583 [restartedMain] [KhnpApplication:51] - Running with Spring Boot v3.2.0, Spring v6.1.1
INFO  2024-05-14 11:18:27.584 [restartedMain] [KhnpApplication:659] - The following 1 profile is active: "update class"
INFO  2024-05-14 11:18:27.773 [restartedMain] [DevToolsPropertyDefaultsPostProcessor:252] - Devtools property defaults active! Set 'spring.devtools.add-properties' to 'false' to disable
INFO  2024-05-14 11:18:27.773 [restartedMain] [DevToolsPropertyDefaultsPostProcessor:252] - For additional web related logging consider setting the 'logging.level.web' property to 'DEBUG'
WARN  2024-05-14 11:18:28.346 [restartedMain] [ClassPathMapperScanner:44] - No MyBatis mapper was found in '[com.vdc.khnp]' package. Please check your configuration.
INFO  2024-05-14 11:18:28.614 [restartedMain] [TomcatWebServer:108] - Tomcat initialized with port 8081 (http)
INFO  2024-05-14 11:18:28.620 [restartedMain] [Http11NioProtocol:173] - Initializing ProtocolHandler ["http-nio-8081"]
INFO  2024-05-14 11:18:28.621 [restartedMain] [StandardService:173] - Starting service [Tomcat]
INFO  2024-05-14 11:18:28.621 [restartedMain] [StandardEngine:173] - Starting Servlet engine: [Apache Tomcat/10.1.16]
INFO  2024-05-14 11:18:28.654 [restartedMain] [[/]:173] - Initializing Spring embedded WebApplicationContext
INFO  2024-05-14 11:18:28.654 [restartedMain] [ServletWebServerApplicationContext:296] - Root WebApplicationContext: initialization completed in 881 ms
INFO  2024-05-14 11:18:28.722 [restartedMain] [HikariDataSource:80] - HikariPool-1 - Starting...
INFO  2024-05-14 11:18:28.781 [restartedMain] [HikariPool:565] - HikariPool-1 - Added connection net.sf.log4jdbc.sql.jdbcapi.ConnectionSpy@9fe7b12
INFO  2024-05-14 11:18:28.782 [restartedMain] [HikariDataSource:82] - HikariPool-1 - Start completed.
DEBUG 2024-05-14 11:18:28.788 [restartedMain] [DatabaseConfig$$SpringCGLIB$$0:42] - SqlSessionFactory Start
INFO  2024-05-14 11:18:32.311 [restartedMain] [OptionalLiveReloadServer:59] - LiveReload server is running on port 35729
INFO  2024-05-14 11:18:32.322 [restartedMain] [Http11NioProtocol:173] - Starting ProtocolHandler ["http-nio-8081"]
INFO  2024-05-14 11:18:32.335 [restartedMain] [TomcatWebServer:221] - Tomcat started on port 8081 (http) with context path ''
INFO  2024-05-14 11:18:32.340 [restartedMain] [KhnpApplication:56] - Started KhnpApplication in 5.196 seconds (process running for 8.021)
INFO  2024-05-14 11:19:28.737 [Catalina-utility-2] [WebSessionListener:124] - updateUserCloseTime test 
INFO  2024-05-14 11:19:36.260 [http-nio-8081-exec-1] [[/]:173] - Initializing Spring DispatcherServlet 'dispatcherServlet'
INFO  2024-05-14 11:19:36.261 [http-nio-8081-exec-1] [DispatcherServlet:532] - Initializing Servlet 'dispatcherServlet'
INFO  2024-05-14 11:19:36.262 [http-nio-8081-exec-1] [DispatcherServlet:554] - Completed initialization in 1 ms
DEBUG 2024-05-14 11:19:36.276 [http-nio-8081-exec-1] [LoggerInterceptor:20] - ==================== BEGIN ====================
DEBUG 2024-05-14 11:19:36.277 [http-nio-8081-exec-1] [LoggerInterceptor:21] - Request URI ===> /
DEBUG 2024-05-14 11:19:36.277 [http-nio-8081-exec-1] [LoggerInterceptor:31] - ==================== END ======================
DEBUG 2024-05-14 11:19:40.348 [http-nio-8081-exec-3] [LoggerInterceptor:20] - ==================== BEGIN ====================
DEBUG 2024-05-14 11:19:40.350 [http-nio-8081-exec-3] [LoggerInterceptor:21] - Request URI ===> /
DEBUG 2024-05-14 11:19:40.350 [http-nio-8081-exec-3] [LoggerInterceptor:31] - ==================== END ======================
DEBUG 2024-05-14 11:19:45.725 [http-nio-8081-exec-10] [LoggerInterceptor:20] - ==================== BEGIN ====================
DEBUG 2024-05-14 11:19:45.725 [http-nio-8081-exec-10] [LoggerInterceptor:21] - Request URI ===> /login/proc
DEBUG 2024-05-14 11:19:45.775 [http-nio-8081-exec-10] [ArgumentResolver:56] - ##### key : userid, value : test #####
DEBUG 2024-05-14 11:19:45.775 [http-nio-8081-exec-10] [ArgumentResolver:56] - ##### key : userpwd, value : 1111 #####
DEBUG 2024-05-14 11:19:45.776 [http-nio-8081-exec-10] [AbstractDAO:15] - 	 QueryId  	:  login.login_proc
DEBUG 2024-05-14 11:19:45.811 [http-nio-8081-exec-10] [sqlonly:223] -  com.zaxxer.hikari.pool.ProxyPreparedStatement.execute(ProxyPreparedStatement.java:44)
1. select seq, userid, userpwd
        from account
        where userid = 'test'
          and userpwd =SHA2('1111', 256)
          and del_yn = 0

INFO  2024-05-14 11:19:45.832 [http-nio-8081-exec-10] [WebSessionListener:88] - setSession 실행
DEBUG 2024-05-14 11:19:45.855 [http-nio-8081-exec-10] [LoggerInterceptor:31] - ==================== END ======================
DEBUG 2024-05-14 11:19:45.862 [http-nio-8081-exec-5] [LoggerInterceptor:20] - ==================== BEGIN ====================
DEBUG 2024-05-14 11:19:45.862 [http-nio-8081-exec-5] [LoggerInterceptor:21] - Request URI ===> /main
DEBUG 2024-05-14 11:19:45.862 [http-nio-8081-exec-5] [LoggerInterceptor:31] - ==================== END ======================
DEBUG 2024-05-14 11:19:46.520 [http-nio-8081-exec-10] [LoggerInterceptor:20] - ==================== BEGIN ====================
DEBUG 2024-05-14 11:19:46.520 [http-nio-8081-exec-10] [LoggerInterceptor:21] - Request URI ===> /favicon.ico
DEBUG 2024-05-14 11:19:46.530 [http-nio-8081-exec-10] [LoggerInterceptor:20] - ==================== BEGIN ====================
DEBUG 2024-05-14 11:19:46.530 [http-nio-8081-exec-10] [LoggerInterceptor:21] - Request URI ===> /error
DEBUG 2024-05-14 11:19:46.547 [http-nio-8081-exec-10] [LoggerInterceptor:31] - ==================== END ======================
INFO  2024-05-14 12:31:40.592 [Catalina-utility-2] [WebSessionListener:76] - currentSessionUserList -> userid test 
INFO  2024-05-14 12:31:40.592 [Catalina-utility-2] [WebSessionListener:76] - currentSessionUserList -> userid test 
INFO  2024-05-14 12:31:40.593 [Catalina-utility-2] [WebSessionListener:124] - updateUserCloseTime test 
WARN  2024-05-14 12:31:45.350 [HikariPool-1 housekeeper] [HikariPool:804] - HikariPool-1 - Thread starvation or clock leap detected (housekeeper delta=49m46s76ms404µs300ns).
WARN  2024-05-14 14:28:13.121 [HikariPool-1 housekeeper] [HikariPool:804] - HikariPool-1 - Thread starvation or clock leap detected (housekeeper delta=8m26s200ms266µs500ns).
INFO  2024-05-14 15:23:41.163 [SpringApplicationShutdownHook] [HikariDataSource:350] - HikariPool-1 - Shutdown initiated...
INFO  2024-05-14 15:23:41.168 [SpringApplicationShutdownHook] [HikariDataSource:352] - HikariPool-1 - Shutdown completed.
