INFO  2024-05-20 09:32:02.359 [restartedMain] [KhnpApplication:50] - Starting KhnpApplication using Java 17.0.10 with PID 10316 (C:\Users\82106\IdeaProjects\practice\khnp_test\out\production\classes started by 이상민 in C:\Users\82106\IdeaProjects\practice\khnp_test)
DEBUG 2024-05-20 09:32:02.362 [restartedMain] [KhnpApplication:51] - Running with Spring Boot v3.2.0, Spring v6.1.1
INFO  2024-05-20 09:32:02.363 [restartedMain] [KhnpApplication:659] - The following 1 profile is active: "update class"
INFO  2024-05-20 09:32:02.629 [restartedMain] [DevToolsPropertyDefaultsPostProcessor:252] - Devtools property defaults active! Set 'spring.devtools.add-properties' to 'false' to disable
INFO  2024-05-20 09:32:02.630 [restartedMain] [DevToolsPropertyDefaultsPostProcessor:252] - For additional web related logging consider setting the 'logging.level.web' property to 'DEBUG'
WARN  2024-05-20 09:32:03.343 [restartedMain] [ClassPathMapperScanner:44] - No MyBatis mapper was found in '[com.vdc.khnp]' package. Please check your configuration.
INFO  2024-05-20 09:32:03.661 [restartedMain] [TomcatWebServer:108] - Tomcat initialized with port 8081 (http)
INFO  2024-05-20 09:32:03.670 [restartedMain] [Http11NioProtocol:173] - Initializing ProtocolHandler ["http-nio-8081"]
INFO  2024-05-20 09:32:03.672 [restartedMain] [StandardService:173] - Starting service [Tomcat]
INFO  2024-05-20 09:32:03.673 [restartedMain] [StandardEngine:173] - Starting Servlet engine: [Apache Tomcat/10.1.16]
INFO  2024-05-20 09:32:03.733 [restartedMain] [[/]:173] - Initializing Spring embedded WebApplicationContext
INFO  2024-05-20 09:32:03.733 [restartedMain] [ServletWebServerApplicationContext:296] - Root WebApplicationContext: initialization completed in 1102 ms
INFO  2024-05-20 09:32:03.815 [restartedMain] [HikariDataSource:80] - HikariPool-1 - Starting...
INFO  2024-05-20 09:32:03.881 [restartedMain] [HikariPool:565] - HikariPool-1 - Added connection net.sf.log4jdbc.sql.jdbcapi.ConnectionSpy@21d46657
INFO  2024-05-20 09:32:03.883 [restartedMain] [HikariDataSource:82] - HikariPool-1 - Start completed.
DEBUG 2024-05-20 09:32:03.888 [restartedMain] [DatabaseConfig$$SpringCGLIB$$0:42] - SqlSessionFactory Start
INFO  2024-05-20 09:32:08.415 [restartedMain] [OptionalLiveReloadServer:59] - LiveReload server is running on port 35729
INFO  2024-05-20 09:32:08.428 [restartedMain] [Http11NioProtocol:173] - Starting ProtocolHandler ["http-nio-8081"]
INFO  2024-05-20 09:32:08.443 [restartedMain] [TomcatWebServer:221] - Tomcat started on port 8081 (http) with context path ''
INFO  2024-05-20 09:32:08.450 [restartedMain] [KhnpApplication:56] - Started KhnpApplication in 6.604 seconds (process running for 9.936)
INFO  2024-05-20 09:33:42.766 [http-nio-8081-exec-1] [[/]:173] - Initializing Spring DispatcherServlet 'dispatcherServlet'
INFO  2024-05-20 09:33:42.767 [http-nio-8081-exec-1] [DispatcherServlet:532] - Initializing Servlet 'dispatcherServlet'
INFO  2024-05-20 09:33:42.768 [http-nio-8081-exec-1] [DispatcherServlet:554] - Completed initialization in 1 ms
DEBUG 2024-05-20 09:33:42.788 [http-nio-8081-exec-1] [LoggerInterceptor:20] - ==================== BEGIN ====================
DEBUG 2024-05-20 09:33:42.789 [http-nio-8081-exec-1] [LoggerInterceptor:21] - Request URI ===> /
DEBUG 2024-05-20 09:33:42.790 [http-nio-8081-exec-1] [LoggerInterceptor:31] - ==================== END ======================
DEBUG 2024-05-20 09:33:46.423 [http-nio-8081-exec-4] [LoggerInterceptor:20] - ==================== BEGIN ====================
DEBUG 2024-05-20 09:33:46.423 [http-nio-8081-exec-4] [LoggerInterceptor:21] - Request URI ===> /login/proc
DEBUG 2024-05-20 09:33:46.469 [http-nio-8081-exec-4] [ArgumentResolver:56] - ##### key : userid, value : test #####
DEBUG 2024-05-20 09:33:46.469 [http-nio-8081-exec-4] [ArgumentResolver:56] - ##### key : userpwd, value : 1111 #####
DEBUG 2024-05-20 09:33:46.470 [http-nio-8081-exec-4] [AbstractDAO:15] - 	 QueryId  	:  login.login_proc
DEBUG 2024-05-20 09:33:46.490 [http-nio-8081-exec-4] [sqlonly:223] -  com.zaxxer.hikari.pool.ProxyPreparedStatement.execute(ProxyPreparedStatement.java:44)
1. select seq, userid, userpwd
        from account
        where userid = 'test'
          and userpwd =SHA2('1111', 256)
          and del_yn = 0

INFO  2024-05-20 09:33:46.539 [http-nio-8081-exec-4] [WebSessionListener:88] - setSession 실행
DEBUG 2024-05-20 09:33:46.556 [http-nio-8081-exec-4] [LoggerInterceptor:31] - ==================== END ======================
DEBUG 2024-05-20 09:33:46.564 [http-nio-8081-exec-8] [LoggerInterceptor:20] - ==================== BEGIN ====================
DEBUG 2024-05-20 09:33:46.565 [http-nio-8081-exec-8] [LoggerInterceptor:21] - Request URI ===> /main
DEBUG 2024-05-20 09:33:46.565 [http-nio-8081-exec-8] [LoggerInterceptor:31] - ==================== END ======================
DEBUG 2024-05-20 09:33:47.228 [http-nio-8081-exec-4] [LoggerInterceptor:20] - ==================== BEGIN ====================
DEBUG 2024-05-20 09:33:47.228 [http-nio-8081-exec-4] [LoggerInterceptor:21] - Request URI ===> /favicon.ico
DEBUG 2024-05-20 09:33:47.237 [http-nio-8081-exec-4] [LoggerInterceptor:20] - ==================== BEGIN ====================
DEBUG 2024-05-20 09:33:47.238 [http-nio-8081-exec-4] [LoggerInterceptor:21] - Request URI ===> /error
DEBUG 2024-05-20 09:33:47.254 [http-nio-8081-exec-4] [LoggerInterceptor:31] - ==================== END ======================
DEBUG 2024-05-20 09:34:03.044 [http-nio-8081-exec-5] [LoggerInterceptor:20] - ==================== BEGIN ====================
DEBUG 2024-05-20 09:34:03.044 [http-nio-8081-exec-5] [LoggerInterceptor:21] - Request URI ===> /tollmain
DEBUG 2024-05-20 09:34:03.045 [http-nio-8081-exec-5] [LoggerInterceptor:31] - ==================== END ======================
INFO  2024-05-20 09:36:49.564 [SpringApplicationShutdownHook] [HikariDataSource:350] - HikariPool-1 - Shutdown initiated...
INFO  2024-05-20 09:36:49.617 [SpringApplicationShutdownHook] [HikariDataSource:352] - HikariPool-1 - Shutdown completed.
INFO  2024-05-20 09:37:08.512 [restartedMain] [KhnpApplication:50] - Starting KhnpApplication using Java 17.0.10 with PID 6400 (C:\Users\82106\IdeaProjects\practice\khnp_test\out\production\classes started by 이상민 in C:\Users\82106\IdeaProjects\practice\khnp_test)
DEBUG 2024-05-20 09:37:08.516 [restartedMain] [KhnpApplication:51] - Running with Spring Boot v3.2.0, Spring v6.1.1
INFO  2024-05-20 09:37:08.517 [restartedMain] [KhnpApplication:659] - The following 1 profile is active: "update class"
INFO  2024-05-20 09:37:09.190 [restartedMain] [DevToolsPropertyDefaultsPostProcessor:252] - Devtools property defaults active! Set 'spring.devtools.add-properties' to 'false' to disable
INFO  2024-05-20 09:37:09.191 [restartedMain] [DevToolsPropertyDefaultsPostProcessor:252] - For additional web related logging consider setting the 'logging.level.web' property to 'DEBUG'
WARN  2024-05-20 09:37:10.604 [restartedMain] [ClassPathMapperScanner:44] - No MyBatis mapper was found in '[com.vdc.khnp]' package. Please check your configuration.
INFO  2024-05-20 09:37:11.230 [restartedMain] [TomcatWebServer:108] - Tomcat initialized with port 8081 (http)
INFO  2024-05-20 09:37:11.240 [restartedMain] [Http11NioProtocol:173] - Initializing ProtocolHandler ["http-nio-8081"]
INFO  2024-05-20 09:37:11.244 [restartedMain] [StandardService:173] - Starting service [Tomcat]
INFO  2024-05-20 09:37:11.245 [restartedMain] [StandardEngine:173] - Starting Servlet engine: [Apache Tomcat/10.1.16]
INFO  2024-05-20 09:37:11.314 [restartedMain] [[/]:173] - Initializing Spring embedded WebApplicationContext
INFO  2024-05-20 09:37:11.315 [restartedMain] [ServletWebServerApplicationContext:296] - Root WebApplicationContext: initialization completed in 2122 ms
INFO  2024-05-20 09:37:11.437 [restartedMain] [HikariDataSource:80] - HikariPool-1 - Starting...
INFO  2024-05-20 09:37:11.569 [restartedMain] [HikariPool:565] - HikariPool-1 - Added connection net.sf.log4jdbc.sql.jdbcapi.ConnectionSpy@14c54d07
INFO  2024-05-20 09:37:11.572 [restartedMain] [HikariDataSource:82] - HikariPool-1 - Start completed.
DEBUG 2024-05-20 09:37:11.585 [restartedMain] [DatabaseConfig$$SpringCGLIB$$0:42] - SqlSessionFactory Start
INFO  2024-05-20 09:37:16.132 [restartedMain] [OptionalLiveReloadServer:59] - LiveReload server is running on port 35729
INFO  2024-05-20 09:37:16.149 [restartedMain] [Http11NioProtocol:173] - Starting ProtocolHandler ["http-nio-8081"]
INFO  2024-05-20 09:37:16.165 [restartedMain] [TomcatWebServer:221] - Tomcat started on port 8081 (http) with context path ''
INFO  2024-05-20 09:37:16.173 [restartedMain] [KhnpApplication:56] - Started KhnpApplication in 9.015 seconds (process running for 10.92)
INFO  2024-05-20 09:37:16.237 [http-nio-8081-exec-1] [[/]:173] - Initializing Spring DispatcherServlet 'dispatcherServlet'
INFO  2024-05-20 09:37:16.238 [http-nio-8081-exec-1] [DispatcherServlet:532] - Initializing Servlet 'dispatcherServlet'
INFO  2024-05-20 09:37:16.239 [http-nio-8081-exec-1] [DispatcherServlet:554] - Completed initialization in 0 ms
DEBUG 2024-05-20 09:37:16.254 [http-nio-8081-exec-1] [LoggerInterceptor:20] - ==================== BEGIN ====================
DEBUG 2024-05-20 09:37:16.255 [http-nio-8081-exec-1] [LoggerInterceptor:21] - Request URI ===> /tollmain
DEBUG 2024-05-20 09:37:16.261 [http-nio-8081-exec-1] [LoggerInterceptor:31] - ==================== END ======================
DEBUG 2024-05-20 09:37:16.509 [http-nio-8081-exec-2] [LoggerInterceptor:20] - ==================== BEGIN ====================
DEBUG 2024-05-20 09:37:16.509 [http-nio-8081-exec-2] [LoggerInterceptor:21] - Request URI ===> /tollmain
DEBUG 2024-05-20 09:37:16.511 [http-nio-8081-exec-2] [LoggerInterceptor:31] - ==================== END ======================
DEBUG 2024-05-20 09:37:17.493 [http-nio-8081-exec-3] [LoggerInterceptor:20] - ==================== BEGIN ====================
DEBUG 2024-05-20 09:37:17.493 [http-nio-8081-exec-3] [LoggerInterceptor:21] - Request URI ===> /tollmain
DEBUG 2024-05-20 09:37:17.494 [http-nio-8081-exec-3] [LoggerInterceptor:31] - ==================== END ======================
DEBUG 2024-05-20 09:37:18.604 [http-nio-8081-exec-7] [LoggerInterceptor:20] - ==================== BEGIN ====================
DEBUG 2024-05-20 09:37:18.604 [http-nio-8081-exec-7] [LoggerInterceptor:21] - Request URI ===> /tollmain
DEBUG 2024-05-20 09:37:18.605 [http-nio-8081-exec-7] [LoggerInterceptor:31] - ==================== END ======================
INFO  2024-05-20 10:08:13.087 [Catalina-utility-1] [WebSessionListener:124] - updateUserCloseTime test 
INFO  2024-05-20 10:20:18.986 [SpringApplicationShutdownHook] [HikariDataSource:350] - HikariPool-1 - Shutdown initiated...
INFO  2024-05-20 10:20:18.996 [SpringApplicationShutdownHook] [HikariDataSource:352] - HikariPool-1 - Shutdown completed.
INFO  2024-05-20 10:20:28.259 [restartedMain] [KhnpApplication:50] - Starting KhnpApplication using Java 17.0.10 with PID 4092 (C:\Users\82106\IdeaProjects\practice\khnp_test\out\production\classes started by 이상민 in C:\Users\82106\IdeaProjects\practice\khnp_test)
DEBUG 2024-05-20 10:20:28.261 [restartedMain] [KhnpApplication:51] - Running with Spring Boot v3.2.0, Spring v6.1.1
INFO  2024-05-20 10:20:28.261 [restartedMain] [KhnpApplication:659] - The following 1 profile is active: "update class"
INFO  2024-05-20 10:20:28.507 [restartedMain] [DevToolsPropertyDefaultsPostProcessor:252] - Devtools property defaults active! Set 'spring.devtools.add-properties' to 'false' to disable
INFO  2024-05-20 10:20:28.507 [restartedMain] [DevToolsPropertyDefaultsPostProcessor:252] - For additional web related logging consider setting the 'logging.level.web' property to 'DEBUG'
WARN  2024-05-20 10:20:29.112 [restartedMain] [ClassPathMapperScanner:44] - No MyBatis mapper was found in '[com.vdc.khnp]' package. Please check your configuration.
INFO  2024-05-20 10:20:29.375 [restartedMain] [TomcatWebServer:108] - Tomcat initialized with port 8081 (http)
INFO  2024-05-20 10:20:29.381 [restartedMain] [Http11NioProtocol:173] - Initializing ProtocolHandler ["http-nio-8081"]
INFO  2024-05-20 10:20:29.382 [restartedMain] [StandardService:173] - Starting service [Tomcat]
INFO  2024-05-20 10:20:29.383 [restartedMain] [StandardEngine:173] - Starting Servlet engine: [Apache Tomcat/10.1.16]
INFO  2024-05-20 10:20:29.421 [restartedMain] [[/]:173] - Initializing Spring embedded WebApplicationContext
INFO  2024-05-20 10:20:29.421 [restartedMain] [ServletWebServerApplicationContext:296] - Root WebApplicationContext: initialization completed in 913 ms
INFO  2024-05-20 10:20:29.480 [restartedMain] [HikariDataSource:80] - HikariPool-1 - Starting...
INFO  2024-05-20 10:20:29.537 [restartedMain] [HikariPool:565] - HikariPool-1 - Added connection net.sf.log4jdbc.sql.jdbcapi.ConnectionSpy@308951b2
INFO  2024-05-20 10:20:29.540 [restartedMain] [HikariDataSource:82] - HikariPool-1 - Start completed.
DEBUG 2024-05-20 10:20:29.545 [restartedMain] [DatabaseConfig$$SpringCGLIB$$0:42] - SqlSessionFactory Start
INFO  2024-05-20 10:20:32.550 [restartedMain] [OptionalLiveReloadServer:59] - LiveReload server is running on port 35729
INFO  2024-05-20 10:20:32.563 [restartedMain] [Http11NioProtocol:173] - Starting ProtocolHandler ["http-nio-8081"]
INFO  2024-05-20 10:20:32.576 [restartedMain] [TomcatWebServer:221] - Tomcat started on port 8081 (http) with context path ''
INFO  2024-05-20 10:20:32.584 [restartedMain] [KhnpApplication:56] - Started KhnpApplication in 4.72 seconds (process running for 8.226)
INFO  2024-05-20 10:20:37.589 [http-nio-8081-exec-1] [[/]:173] - Initializing Spring DispatcherServlet 'dispatcherServlet'
INFO  2024-05-20 10:20:37.589 [http-nio-8081-exec-1] [DispatcherServlet:532] - Initializing Servlet 'dispatcherServlet'
INFO  2024-05-20 10:20:37.590 [http-nio-8081-exec-1] [DispatcherServlet:554] - Completed initialization in 1 ms
DEBUG 2024-05-20 10:20:43.141 [http-nio-8081-exec-1] [LoggerInterceptor:20] - ==================== BEGIN ====================
DEBUG 2024-05-20 10:20:43.142 [http-nio-8081-exec-1] [LoggerInterceptor:21] - Request URI ===> /login/proc
DEBUG 2024-05-20 10:20:43.197 [http-nio-8081-exec-1] [ArgumentResolver:56] - ##### key : userid, value : test #####
DEBUG 2024-05-20 10:20:43.198 [http-nio-8081-exec-1] [ArgumentResolver:56] - ##### key : userpwd, value : 1111 #####
DEBUG 2024-05-20 10:20:43.199 [http-nio-8081-exec-1] [AbstractDAO:15] - 	 QueryId  	:  login.login_proc
DEBUG 2024-05-20 10:20:43.226 [http-nio-8081-exec-1] [sqlonly:223] -  com.zaxxer.hikari.pool.ProxyPreparedStatement.execute(ProxyPreparedStatement.java:44)
1. select seq, userid, userpwd
        from account
        where userid = 'test'
          and userpwd =SHA2('1111', 256)
          and del_yn = 0

INFO  2024-05-20 10:20:43.244 [http-nio-8081-exec-1] [WebSessionListener:88] - setSession 실행
DEBUG 2024-05-20 10:20:43.263 [http-nio-8081-exec-1] [LoggerInterceptor:31] - ==================== END ======================
DEBUG 2024-05-20 10:20:43.271 [http-nio-8081-exec-3] [LoggerInterceptor:20] - ==================== BEGIN ====================
DEBUG 2024-05-20 10:20:43.271 [http-nio-8081-exec-3] [LoggerInterceptor:21] - Request URI ===> /main
DEBUG 2024-05-20 10:20:43.271 [http-nio-8081-exec-3] [LoggerInterceptor:31] - ==================== END ======================
DEBUG 2024-05-20 10:21:44.458 [http-nio-8081-exec-1] [LoggerInterceptor:20] - ==================== BEGIN ====================
DEBUG 2024-05-20 10:21:44.458 [http-nio-8081-exec-1] [LoggerInterceptor:21] - Request URI ===> /send-command
DEBUG 2024-05-20 10:21:46.636 [http-nio-8081-exec-1] [LoggerInterceptor:31] - ==================== END ======================
DEBUG 2024-05-20 10:22:04.021 [http-nio-8081-exec-2] [LoggerInterceptor:20] - ==================== BEGIN ====================
DEBUG 2024-05-20 10:22:04.022 [http-nio-8081-exec-2] [LoggerInterceptor:21] - Request URI ===> /tollmain
DEBUG 2024-05-20 10:22:04.022 [http-nio-8081-exec-2] [LoggerInterceptor:31] - ==================== END ======================
DEBUG 2024-05-20 10:23:39.441 [http-nio-8081-exec-7] [LoggerInterceptor:20] - ==================== BEGIN ====================
DEBUG 2024-05-20 10:23:39.441 [http-nio-8081-exec-7] [LoggerInterceptor:21] - Request URI ===> /send-command
DEBUG 2024-05-20 10:23:41.504 [http-nio-8081-exec-7] [LoggerInterceptor:31] - ==================== END ======================
INFO  2024-05-20 10:51:31.241 [Catalina-utility-2] [WebSessionListener:76] - currentSessionUserList -> userid test 
INFO  2024-05-20 10:54:31.396 [Catalina-utility-1] [WebSessionListener:124] - updateUserCloseTime test 
WARN  2024-05-20 12:29:15.819 [HikariPool-1 housekeeper] [HikariPool:804] - HikariPool-1 - Thread starvation or clock leap detected (housekeeper delta=49m14s400ms391µs700ns).
INFO  2024-05-20 17:59:42.680 [SpringApplicationShutdownHook] [HikariDataSource:350] - HikariPool-1 - Shutdown initiated...
INFO  2024-05-20 17:59:42.687 [SpringApplicationShutdownHook] [HikariDataSource:352] - HikariPool-1 - Shutdown completed.
